<?xml version="1.0" encoding="UTF-8"?>
<testng-results skipped="0" failed="0" ignored="0" total="1" passed="1">
  <reporter-output>
  </reporter-output>
  <suite name="Suite" duration-ms="19" started-at="2019-02-09T19:35:44Z" finished-at="2019-02-09T19:35:44Z">
    <groups>
    </groups>
    <test name="Test" duration-ms="19" started-at="2019-02-09T19:35:44Z" finished-at="2019-02-09T19:35:44Z">
      <class name="module6.MyAnnotation">
        <test-method status="PASS" signature="beforeSuite()[pri:0, instance:module6.MyAnnotation@587d1d39]" name="beforeSuite" is-config="true" duration-ms="7" started-at="2019-02-09T19:35:43Z" finished-at="2019-02-09T19:35:44Z">
          <reporter-output>
          </reporter-output>
        </test-method> <!-- beforeSuite -->
        <test-method status="PASS" signature="beforeTest()[pri:0, instance:module6.MyAnnotation@587d1d39]" name="beforeTest" is-config="true" duration-ms="1" started-at="2019-02-09T19:35:44Z" finished-at="2019-02-09T19:35:44Z">
          <reporter-output>
          </reporter-output>
        </test-method> <!-- beforeTest -->
        <test-method status="PASS" signature="beforeClass()[pri:0, instance:module6.MyAnnotation@587d1d39]" name="beforeClass" is-config="true" duration-ms="1" started-at="2019-02-09T19:35:44Z" finished-at="2019-02-09T19:35:44Z">
          <reporter-output>
          </reporter-output>
        </test-method> <!-- beforeClass -->
        <test-method status="PASS" signature="beforeMethod()[pri:0, instance:module6.MyAnnotation@587d1d39]" name="beforeMethod" is-config="true" duration-ms="1" started-at="2019-02-09T19:35:44Z" finished-at="2019-02-09T19:35:44Z">
          <reporter-output>
          </reporter-output>
        </test-method> <!-- beforeMethod -->
        <test-method status="PASS" signature="test()[pri:0, instance:module6.MyAnnotation@587d1d39]" name="test" duration-ms="4" started-at="2019-02-09T19:35:44Z" finished-at="2019-02-09T19:35:44Z">
          <reporter-output>
          </reporter-output>
        </test-method> <!-- test -->
        <test-method status="PASS" signature="afterMethod()[pri:0, instance:module6.MyAnnotation@587d1d39]" name="afterMethod" is-config="true" duration-ms="0" started-at="2019-02-09T19:35:44Z" finished-at="2019-02-09T19:35:44Z">
          <reporter-output>
          </reporter-output>
        </test-method> <!-- afterMethod -->
        <test-method status="PASS" signature="afterClass()[pri:0, instance:module6.MyAnnotation@587d1d39]" name="afterClass" is-config="true" duration-ms="1" started-at="2019-02-09T19:35:44Z" finished-at="2019-02-09T19:35:44Z">
          <reporter-output>
          </reporter-output>
        </test-method> <!-- afterClass -->
        <test-method status="PASS" signature="afterTest()[pri:0, instance:module6.MyAnnotation@587d1d39]" name="afterTest" is-config="true" duration-ms="1" started-at="2019-02-09T19:35:44Z" finished-at="2019-02-09T19:35:44Z">
          <reporter-output>
          </reporter-output>
        </test-method> <!-- afterTest -->
        <test-method status="PASS" signature="afterSuite()[pri:0, instance:module6.MyAnnotation@587d1d39]" name="afterSuite" is-config="true" duration-ms="1" started-at="2019-02-09T19:35:44Z" finished-at="2019-02-09T19:35:44Z">
          <reporter-output>
          </reporter-output>
        </test-method> <!-- afterSuite -->
      </class> <!-- module6.MyAnnotation -->
    </test> <!-- Test -->
  </suite> <!-- Suite -->
</testng-results>
